[2022-02-15T15:59:15.555] [INFO] Socket - JOIN 602708
[2022-02-15T15:59:15.555] [INFO] Socket - Msg [] {"msgType":4096,"nickname":"1","direction":0,"x":-1,"y":0,"personAppearance":1,"strUserID":"100002602708","ID":602708}
[2022-02-15T15:59:19.575] [INFO] Socket - JOIN 4569078
[2022-02-15T15:59:19.576] [INFO] Socket - Msg [ 602708 ] {"msgType":4096,"nickname":"2","direction":0,"x":-1,"y":0,"personAppearance":0,"strUserID":"1000024569078","ID":4569078}
[2022-02-15T15:59:19.630] [INFO] Socket - LINK 602708
[2022-02-15T15:59:19.631] [INFO] Socket - 加入组队 [ 602708, 4569078 ] {"msgType":4099,"members":[602708,4569078]}
[2022-02-15T15:59:19.841] [INFO] Socket - LINK 4569078
[2022-02-15T15:59:19.841] [INFO] Socket - 创建组队 [] {"msgType":4099,"members":[]}
[2022-02-15T15:59:21.325] [INFO] Socket - UNLINK 602708
[2022-02-15T15:59:21.326] [INFO] Socket - 离开组队 [ 602708 ] {"msgType":4100,"ID":602708}
[2022-02-15T15:59:21.373] [INFO] Socket - MOVE 602708
[2022-02-15T15:59:21.373] [INFO] Socket - Msg [ 602708, 4569078 ] {"msgType":4097,"ID":602708,"direction":2,"x":-1,"y":-1}
[2022-02-15T15:59:21.738] [INFO] Socket - MOVE 602708
[2022-02-15T15:59:21.739] [INFO] Socket - Msg [ 602708, 4569078 ] {"msgType":4097,"ID":602708,"direction":2,"x":-1,"y":-2}
[2022-02-15T15:59:22.103] [INFO] Socket - MOVE 602708
[2022-02-15T15:59:22.104] [INFO] Socket - Msg [ 602708, 4569078 ] {"msgType":4097,"ID":602708,"direction":0,"x":-1,"y":-1}
[2022-02-15T15:59:22.109] [INFO] Socket - UNLINK 4569078
[2022-02-15T15:59:22.109] [INFO] Socket - 离开组队 [ 4569078 ] {"msgType":4100,"ID":4569078}
[2022-02-15T15:59:22.481] [INFO] Socket - MOVE 602708
[2022-02-15T15:59:22.482] [INFO] Socket - Msg [ 602708, 4569078 ] {"msgType":4097,"ID":602708,"direction":0,"x":-1,"y":0}
[2022-02-15T15:59:22.504] [INFO] Socket - LINK 602708
[2022-02-15T15:59:22.504] [INFO] Socket - 加入组队 [ 602708, 4569078 ] {"msgType":4099,"members":[602708,4569078]}
[2022-02-15T15:59:22.672] [INFO] Socket - LINK 4569078
[2022-02-15T15:59:22.672] [INFO] Socket - 创建组队 [] {"msgType":4099,"members":[]}
[2022-02-15T15:59:24.733] [INFO] Socket - UNLINK 602708
[2022-02-15T15:59:24.733] [INFO] Socket - 离开组队 [ 602708 ] {"msgType":4100,"ID":602708}
[2022-02-15T15:59:24.767] [INFO] Socket - MOVE 602708
[2022-02-15T15:59:24.767] [INFO] Socket - Msg [ 602708, 4569078 ] {"msgType":4097,"ID":602708,"direction":0,"x":-1,"y":1}
[2022-02-15T15:59:24.859] [INFO] Socket - UNLINK 4569078
[2022-02-15T15:59:24.859] [INFO] Socket - 离开组队 [ 4569078 ] {"msgType":4100,"ID":4569078}
[2022-02-15T15:59:25.345] [INFO] Socket - MOVE 602708
[2022-02-15T15:59:25.345] [INFO] Socket - Msg [ 602708, 4569078 ] {"msgType":4097,"ID":602708,"direction":3,"x":-2,"y":1}
[2022-02-15T15:59:25.764] [INFO] Socket - MOVE 602708
[2022-02-15T15:59:25.764] [INFO] Socket - Msg [ 602708, 4569078 ] {"msgType":4097,"ID":602708,"direction":2,"x":-2,"y":0}
[2022-02-15T15:59:26.217] [INFO] Socket - LINK 4569078
[2022-02-15T15:59:26.217] [INFO] Socket - 加入组队 [ 4569078, 602708 ] {"msgType":4099,"members":[4569078,602708]}
[2022-02-15T15:59:26.232] [INFO] Socket - MOVE 602708
[2022-02-15T15:59:26.232] [INFO] Socket - Msg [ 602708, 4569078 ] {"msgType":4097,"ID":602708,"direction":1,"x":-1,"y":0}
[2022-02-15T15:59:26.234] [INFO] Socket - LINK 602708
[2022-02-15T15:59:26.235] [INFO] Socket - 创建组队 [] {"msgType":4099,"members":[]}
[2022-02-15T15:59:32.442] [INFO] Socket - MOVE 602708
[2022-02-15T15:59:32.443] [INFO] Socket - Msg [ 602708, 4569078 ] {"msgType":4097,"ID":602708,"direction":0,"x":-1,"y":1}
[2022-02-15T15:59:32.445] [INFO] Socket - UNLINK 602708
[2022-02-15T15:59:32.445] [INFO] Socket - 离开组队 [ 602708 ] {"msgType":4100,"ID":602708}
[2022-02-15T15:59:32.534] [INFO] Socket - UNLINK 4569078
[2022-02-15T15:59:32.534] [INFO] Socket - 离开组队 [ 4569078 ] {"msgType":4100,"ID":4569078}
[2022-02-15T15:59:32.779] [INFO] Socket - MOVE 602708
[2022-02-15T15:59:32.780] [INFO] Socket - Msg [ 602708, 4569078 ] {"msgType":4097,"ID":602708,"direction":0,"x":-1,"y":2}
[2022-02-15T15:59:32.897] [INFO] Socket - MOVE 602708
[2022-02-15T15:59:32.897] [INFO] Socket - Msg [ 602708, 4569078 ] {"msgType":4097,"ID":602708,"direction":2,"x":-1,"y":1}
[2022-02-15T15:59:33.309] [INFO] Socket - MOVE 602708
[2022-02-15T15:59:33.309] [INFO] Socket - Msg [ 602708, 4569078 ] {"msgType":4097,"ID":602708,"direction":2,"x":-1,"y":0}
[2022-02-15T15:59:33.329] [INFO] Socket - LINK 602708
[2022-02-15T15:59:33.329] [INFO] Socket - 加入组队 [ 602708, 4569078 ] {"msgType":4099,"members":[602708,4569078]}
[2022-02-15T15:59:33.941] [INFO] Socket - MOVE 602708
[2022-02-15T15:59:33.941] [INFO] Socket - Msg [ 602708, 4569078 ] {"msgType":4097,"ID":602708,"direction":3,"x":-2,"y":0}
[2022-02-15T15:59:33.946] [INFO] Socket - UNLINK 602708
[2022-02-15T15:59:33.946] [INFO] Socket - 离开组队 [ 602708, 4569078 ] {"msgType":4100,"ID":602708}
[2022-02-15T15:59:34.308] [INFO] Socket - MOVE 602708
[2022-02-15T15:59:34.309] [INFO] Socket - Msg [ 602708, 4569078 ] {"msgType":4097,"ID":602708,"direction":3,"x":-3,"y":0}
[2022-02-15T15:59:34.360] [INFO] Socket - LINK 4569078
[2022-02-15T15:59:34.360] [INFO] Socket - 加入组队 [ 4569078, 602708 ] {"msgType":4099,"members":[4569078,602708]}
[2022-02-15T15:59:34.894] [INFO] Socket - MOVE 602708
[2022-02-15T15:59:34.894] [INFO] Socket - Msg [ 602708, 4569078 ] {"msgType":4097,"ID":602708,"direction":0,"x":-3,"y":1}
[2022-02-15T15:59:35.120] [INFO] Socket - UNLINK 4569078
[2022-02-15T15:59:35.120] [INFO] Socket - 离开组队 [ 4569078, 602708 ] {"msgType":4100,"ID":4569078}
[2022-02-15T15:59:35.292] [INFO] Socket - MOVE 602708
[2022-02-15T15:59:35.292] [INFO] Socket - Msg [ 602708, 4569078 ] {"msgType":4097,"ID":602708,"direction":0,"x":-3,"y":2}
[2022-02-15T15:59:36.091] [INFO] Socket - MOVE 602708
[2022-02-15T15:59:36.092] [INFO] Socket - Msg [ 602708, 4569078 ] {"msgType":4097,"ID":602708,"direction":2,"x":-3,"y":1}
[2022-02-15T15:59:36.503] [INFO] Socket - MOVE 602708
[2022-02-15T15:59:36.504] [INFO] Socket - Msg [ 602708, 4569078 ] {"msgType":4097,"ID":602708,"direction":2,"x":-3,"y":0}
[2022-02-15T15:59:37.123] [INFO] Socket - MOVE 602708
[2022-02-15T15:59:37.124] [INFO] Socket - Msg [ 602708, 4569078 ] {"msgType":4097,"ID":602708,"direction":1,"x":-2,"y":0}
[2022-02-15T15:59:37.435] [INFO] Socket - MOVE 602708
[2022-02-15T15:59:37.435] [INFO] Socket - Msg [ 602708, 4569078 ] {"msgType":4097,"ID":602708,"direction":3,"x":-3,"y":0}
[2022-02-15T15:59:37.788] [INFO] Socket - MOVE 602708
[2022-02-15T15:59:37.788] [INFO] Socket - Msg [ 602708, 4569078 ] {"msgType":4097,"ID":602708,"direction":3,"x":-4,"y":0}
[2022-02-15T15:59:37.792] [INFO] Socket - LINK 4569078
[2022-02-15T15:59:37.792] [INFO] Socket - 加入组队 [ 602708, 4569078 ] {"msgType":4099,"members":[602708,4569078]}
[2022-02-15T15:59:38.133] [INFO] Socket - UNLINK 4569078
[2022-02-15T15:59:38.133] [INFO] Socket - 离开组队 [ 4569078, 602708 ] {"msgType":4100,"ID":4569078}
[2022-02-15T15:59:38.866] [INFO] Socket - MOVE 602708
[2022-02-15T15:59:38.866] [INFO] Socket - Msg [ 602708, 4569078 ] {"msgType":4097,"ID":602708,"direction":3,"x":-5,"y":0}
[2022-02-15T15:59:39.831] [INFO] Socket - MOVE 602708
[2022-02-15T15:59:39.832] [INFO] Socket - Msg [ 602708, 4569078 ] {"msgType":4097,"ID":602708,"direction":1,"x":-4,"y":0}
[2022-02-15T15:59:41.249] [INFO] Socket - MOVE 602708
[2022-02-15T15:59:41.250] [INFO] Socket - Msg [ 602708, 4569078 ] {"msgType":4097,"ID":602708,"direction":1,"x":-3,"y":0}
[2022-02-15T15:59:41.928] [INFO] Socket - MOVE 602708
[2022-02-15T15:59:41.928] [INFO] Socket - Msg [ 602708, 4569078 ] {"msgType":4097,"ID":602708,"direction":0,"x":-3,"y":1}
[2022-02-15T15:59:42.364] [INFO] Socket - MOVE 602708
[2022-02-15T15:59:42.364] [INFO] Socket - Msg [ 602708, 4569078 ] {"msgType":4097,"ID":602708,"direction":2,"x":-3,"y":0}
[2022-02-15T15:59:46.174] [INFO] Socket - MOVE 602708
[2022-02-15T15:59:46.175] [INFO] Socket - Msg [ 602708, 4569078 ] {"msgType":4097,"ID":602708,"direction":1,"x":-2,"y":0}
[2022-02-15T15:59:46.507] [INFO] Socket - LINK 4569078
[2022-02-15T15:59:46.507] [INFO] Socket - 加入组队 [ 602708, 4569078 ] {"msgType":4099,"members":[602708,4569078]}
[2022-02-15T15:59:48.105] [INFO] Socket - MOVE 602708
[2022-02-15T15:59:48.105] [INFO] Socket - Msg [ 602708, 4569078 ] {"msgType":4097,"ID":602708,"direction":3,"x":-3,"y":0}
[2022-02-15T15:59:48.275] [INFO] Socket - UNLINK 4569078
[2022-02-15T15:59:48.275] [INFO] Socket - 离开组队 [ 4569078, 602708 ] {"msgType":4100,"ID":4569078}
[2022-02-15T15:59:49.136] [INFO] Socket - MOVE 602708
[2022-02-15T15:59:49.136] [INFO] Socket - Msg [ 602708, 4569078 ] {"msgType":4097,"ID":602708,"direction":1,"x":-2,"y":0}
[2022-02-15T15:59:49.469] [INFO] Socket - LINK 4569078
[2022-02-15T15:59:49.469] [INFO] Socket - 加入组队 [ 602708, 4569078 ] {"msgType":4099,"members":[602708,4569078]}
[2022-02-15T15:59:51.514] [INFO] Socket - MOVE 602708
[2022-02-15T15:59:51.514] [INFO] Socket - Msg [ 602708, 4569078 ] {"msgType":4097,"ID":602708,"direction":0,"x":-2,"y":1}
[2022-02-15T15:59:51.654] [INFO] Socket - UNLINK 4569078
[2022-02-15T15:59:51.655] [INFO] Socket - 离开组队 [ 4569078, 602708 ] {"msgType":4100,"ID":4569078}
[2022-02-15T15:59:51.866] [INFO] Socket - MOVE 602708
[2022-02-15T15:59:51.866] [INFO] Socket - Msg [ 602708, 4569078 ] {"msgType":4097,"ID":602708,"direction":0,"x":-2,"y":2}
[2022-02-15T15:59:52.597] [INFO] Socket - MOVE 602708
[2022-02-15T15:59:52.597] [INFO] Socket - Msg [ 602708, 4569078 ] {"msgType":4097,"ID":602708,"direction":3,"x":-3,"y":2}
[2022-02-15T15:59:53.530] [INFO] Socket - MOVE 602708
[2022-02-15T15:59:53.530] [INFO] Socket - Msg [ 602708, 4569078 ] {"msgType":4097,"ID":602708,"direction":2,"x":-3,"y":1}
[2022-02-15T15:59:53.942] [INFO] Socket - MOVE 602708
[2022-02-15T15:59:53.943] [INFO] Socket - Msg [ 602708, 4569078 ] {"msgType":4097,"ID":602708,"direction":2,"x":-3,"y":0}
[2022-02-15T15:59:58.555] [INFO] Socket - MOVE 602708
[2022-02-15T15:59:58.555] [INFO] Socket - Msg [ 602708, 4569078 ] {"msgType":4097,"ID":602708,"direction":2,"x":-3,"y":-1}
[2022-02-15T16:00:01.429] [INFO] Socket - MOVE 602708
[2022-02-15T16:00:01.430] [INFO] Socket - Msg [ 602708, 4569078 ] {"msgType":4097,"ID":602708,"direction":1,"x":-2,"y":-1}
[2022-02-15T16:00:01.679] [INFO] Socket - LINK 4569078
[2022-02-15T16:00:01.679] [INFO] Socket - 加入组队 [ 602708, 4569078 ] {"msgType":4099,"members":[602708,4569078]}
[2022-02-15T16:00:11.575] [INFO] Socket - MOVE 602708
[2022-02-15T16:00:11.575] [INFO] Socket - Msg [ 602708, 4569078 ] {"msgType":4097,"ID":602708,"direction":0,"x":-2,"y":0}
[2022-02-15T16:00:14.427] [INFO] Socket - MOVE 602708
[2022-02-15T16:00:14.427] [INFO] Socket - Msg [ 602708, 4569078 ] {"msgType":4097,"ID":602708,"direction":1,"x":-1,"y":0}
[2022-02-15T16:00:16.275] [INFO] Socket - LINK 602708
[2022-02-15T16:00:16.275] [INFO] Socket - 创建组队 [] {"msgType":4099,"members":[]}
[2022-02-15T16:00:20.170] [INFO] Socket - UNLINK 602708
[2022-02-15T16:00:20.170] [INFO] Socket - 离开组队 [ 602708 ] {"msgType":4100,"ID":602708}
[2022-02-15T16:00:20.203] [INFO] Socket - MOVE 602708
[2022-02-15T16:00:20.203] [INFO] Socket - Msg [ 602708, 4569078 ] {"msgType":4097,"ID":602708,"direction":0,"x":-1,"y":1}
[2022-02-15T16:00:20.297] [INFO] Socket - UNLINK 4569078
[2022-02-15T16:00:20.297] [INFO] Socket - 离开组队 [ 4569078 ] {"msgType":4100,"ID":4569078}
[2022-02-15T16:00:21.818] [INFO] Socket - MOVE 602708
[2022-02-15T16:00:21.818] [INFO] Socket - Msg [ 602708, 4569078 ] {"msgType":4097,"ID":602708,"direction":0,"x":-1,"y":2}
[2022-02-15T16:00:23.565] [INFO] Socket - MOVE 602708
[2022-02-15T16:00:23.565] [INFO] Socket - Msg [ 602708, 4569078 ] {"msgType":4097,"ID":602708,"direction":1,"x":0,"y":2}
[2022-02-15T16:00:25.794] [INFO] Socket - MOVE 602708
[2022-02-15T16:00:25.794] [INFO] Socket - Msg [ 602708, 4569078 ] {"msgType":4097,"ID":602708,"direction":2,"x":0,"y":1}
[2022-02-15T16:00:26.160] [INFO] Socket - MOVE 602708
[2022-02-15T16:00:26.160] [INFO] Socket - Msg [ 602708, 4569078 ] {"msgType":4097,"ID":602708,"direction":2,"x":0,"y":0}
[2022-02-15T16:00:27.506] [INFO] Socket - LINK 602708
[2022-02-15T16:00:27.507] [INFO] Socket - 加入组队 [ 602708, 4569078 ] {"msgType":4099,"members":[602708,4569078]}
[2022-02-15T16:00:28.922] [INFO] Socket - MOVE 602708
[2022-02-15T16:00:28.922] [INFO] Socket - Msg [ 602708, 4569078 ] {"msgType":4097,"ID":602708,"direction":3,"x":-1,"y":0}
[2022-02-15T16:00:29.288] [INFO] Socket - MOVE 602708
[2022-02-15T16:00:29.288] [INFO] Socket - Msg [ 602708, 4569078 ] {"msgType":4097,"ID":602708,"direction":3,"x":-2,"y":0}
[2022-02-15T16:00:29.291] [INFO] Socket - UNLINK 602708
[2022-02-15T16:00:29.291] [INFO] Socket - 离开组队 [ 602708, 4569078 ] {"msgType":4100,"ID":602708}
[2022-02-15T16:00:29.326] [INFO] Socket - LINK 4569078
[2022-02-15T16:00:29.326] [INFO] Socket - 加入组队 [ 4569078, 602708 ] {"msgType":4099,"members":[4569078,602708]}
[2022-02-15T16:00:29.621] [INFO] Socket - MOVE 602708
[2022-02-15T16:00:29.621] [INFO] Socket - Msg [ 602708, 4569078 ] {"msgType":4097,"ID":602708,"direction":3,"x":-3,"y":0}
[2022-02-15T16:00:29.967] [INFO] Socket - MOVE 602708
[2022-02-15T16:00:29.967] [INFO] Socket - Msg [ 602708, 4569078 ] {"msgType":4097,"ID":602708,"direction":3,"x":-4,"y":0}
[2022-02-15T16:00:30.099] [INFO] Socket - UNLINK 4569078
[2022-02-15T16:00:30.100] [INFO] Socket - 离开组队 [ 4569078, 602708 ] {"msgType":4100,"ID":4569078}
[2022-02-15T16:00:30.286] [INFO] Socket - MOVE 602708
[2022-02-15T16:00:30.287] [INFO] Socket - Msg [ 602708, 4569078 ] {"msgType":4097,"ID":602708,"direction":3,"x":-5,"y":0}
[2022-02-15T16:00:30.625] [INFO] Socket - MOVE 602708
[2022-02-15T16:00:30.625] [INFO] Socket - Msg [ 602708, 4569078 ] {"msgType":4097,"ID":602708,"direction":3,"x":-6,"y":0}
[2022-02-15T16:00:31.684] [INFO] Socket - MOVE 602708
[2022-02-15T16:00:31.684] [INFO] Socket - Msg [ 602708, 4569078 ] {"msgType":4097,"ID":602708,"direction":1,"x":-5,"y":0}
[2022-02-15T16:00:32.050] [INFO] Socket - MOVE 602708
[2022-02-15T16:00:32.050] [INFO] Socket - Msg [ 602708, 4569078 ] {"msgType":4097,"ID":602708,"direction":1,"x":-4,"y":0}
[2022-02-15T16:00:32.383] [INFO] Socket - MOVE 602708
[2022-02-15T16:00:32.383] [INFO] Socket - Msg [ 602708, 4569078 ] {"msgType":4097,"ID":602708,"direction":1,"x":-3,"y":0}
[2022-02-15T16:00:32.716] [INFO] Socket - MOVE 602708
[2022-02-15T16:00:32.717] [INFO] Socket - Msg [ 602708, 4569078 ] {"msgType":4097,"ID":602708,"direction":1,"x":-2,"y":0}
[2022-02-15T16:00:33.049] [INFO] Socket - MOVE 602708
[2022-02-15T16:00:33.049] [INFO] Socket - Msg [ 602708, 4569078 ] {"msgType":4097,"ID":602708,"direction":1,"x":-1,"y":0}
[2022-02-15T16:00:33.052] [INFO] Socket - LINK 602708
[2022-02-15T16:00:33.053] [INFO] Socket - 加入组队 [ 602708, 4569078 ] {"msgType":4099,"members":[602708,4569078]}
[2022-02-15T16:00:33.773] [INFO] Socket - LINK 4569078
[2022-02-15T16:00:33.773] [INFO] Socket - 创建组队 [] {"msgType":4099,"members":[]}
[2022-02-15T16:00:35.146] [INFO] Socket - MOVE 602708
[2022-02-15T16:00:35.146] [INFO] Socket - Msg [ 602708, 4569078 ] {"msgType":4097,"ID":602708,"direction":3,"x":-2,"y":0}
[2022-02-15T16:00:35.147] [INFO] Socket - UNLINK 602708
[2022-02-15T16:00:35.147] [INFO] Socket - 离开组队 [ 602708 ] {"msgType":4100,"ID":602708}
[2022-02-15T16:00:35.487] [INFO] Socket - MOVE 602708
[2022-02-15T16:00:35.487] [INFO] Socket - Msg [ 602708, 4569078 ] {"msgType":4097,"ID":602708,"direction":3,"x":-3,"y":0}
[2022-02-15T16:00:35.818] [INFO] Socket - UNLINK 4569078
[2022-02-15T16:00:35.818] [INFO] Socket - 离开组队 [ 4569078 ] {"msgType":4100,"ID":4569078}
[2022-02-15T16:00:45.411] [INFO] Socket - MOVE 602708
[2022-02-15T16:00:45.411] [INFO] Socket - Msg [ 602708, 4569078 ] {"msgType":4097,"ID":602708,"direction":3,"x":-4,"y":0}
[2022-02-15T16:00:46.378] [INFO] Socket - MOVE 602708
[2022-02-15T16:00:46.378] [INFO] Socket - Msg [ 602708, 4569078 ] {"msgType":4097,"ID":602708,"direction":1,"x":-3,"y":0}
[2022-02-15T16:00:46.696] [INFO] Socket - MOVE 602708
[2022-02-15T16:00:46.696] [INFO] Socket - Msg [ 602708, 4569078 ] {"msgType":4097,"ID":602708,"direction":1,"x":-2,"y":0}
[2022-02-15T16:00:47.028] [INFO] Socket - MOVE 602708
[2022-02-15T16:00:47.029] [INFO] Socket - Msg [ 602708, 4569078 ] {"msgType":4097,"ID":602708,"direction":1,"x":-1,"y":0}
[2022-02-15T16:00:47.030] [INFO] Socket - LINK 602708
[2022-02-15T16:00:47.030] [INFO] Socket - 加入组队 [ 602708, 4569078 ] {"msgType":4099,"members":[602708,4569078]}
[2022-02-15T16:00:47.190] [INFO] Socket - LINK 4569078
[2022-02-15T16:00:47.190] [INFO] Socket - 创建组队 [] {"msgType":4099,"members":[]}
[2022-02-15T16:00:48.526] [INFO] Socket - MOVE 602708
[2022-02-15T16:00:48.526] [INFO] Socket - Msg [ 602708, 4569078 ] {"msgType":4097,"ID":602708,"direction":0,"x":-1,"y":1}
[2022-02-15T16:00:48.528] [INFO] Socket - UNLINK 602708
[2022-02-15T16:00:48.528] [INFO] Socket - 离开组队 [ 602708 ] {"msgType":4100,"ID":602708}
[2022-02-15T16:00:48.906] [INFO] Socket - MOVE 602708
[2022-02-15T16:00:48.906] [INFO] Socket - Msg [ 602708, 4569078 ] {"msgType":4097,"ID":602708,"direction":0,"x":-1,"y":2}
[2022-02-15T16:00:49.068] [INFO] Socket - UNLINK 4569078
[2022-02-15T16:00:49.068] [INFO] Socket - 离开组队 [ 4569078 ] {"msgType":4100,"ID":4569078}
[2022-02-15T16:00:50.305] [INFO] Socket - MOVE 602708
[2022-02-15T16:00:50.319] [INFO] Socket - Msg [ 602708, 4569078 ] {"msgType":4097,"ID":602708,"direction":3,"x":-2,"y":2}
[2022-02-15T16:00:50.623] [INFO] Socket - MOVE 602708
[2022-02-15T16:00:50.624] [INFO] Socket - Msg [ 602708, 4569078 ] {"msgType":4097,"ID":602708,"direction":3,"x":-3,"y":2}
[2022-02-15T16:00:52.288] [INFO] Socket - MOVE 602708
[2022-02-15T16:00:52.288] [INFO] Socket - Msg [ 602708, 4569078 ] {"msgType":4097,"ID":602708,"direction":2,"x":-3,"y":1}
[2022-02-15T16:00:52.653] [INFO] Socket - MOVE 602708
[2022-02-15T16:00:52.653] [INFO] Socket - Msg [ 602708, 4569078 ] {"msgType":4097,"ID":602708,"direction":2,"x":-3,"y":0}
[2022-02-15T16:00:55.415] [INFO] Socket - MOVE 602708
[2022-02-15T16:00:55.415] [INFO] Socket - Msg [ 602708, 4569078 ] {"msgType":4097,"ID":602708,"direction":1,"x":-2,"y":0}
[2022-02-15T16:00:55.725] [INFO] Socket - LINK 4569078
[2022-02-15T16:00:55.725] [INFO] Socket - 加入组队 [ 4569078, 602708 ] {"msgType":4099,"members":[4569078,602708]}
[2022-02-15T16:00:59.708] [INFO] Socket - MOVE 602708
[2022-02-15T16:00:59.708] [INFO] Socket - Msg [ 602708, 4569078 ] {"msgType":4097,"ID":602708,"direction":1,"x":-1,"y":0}
[2022-02-15T16:00:59.741] [INFO] Socket - LINK 602708
[2022-02-15T16:00:59.741] [INFO] Socket - 创建组队 [] {"msgType":4099,"members":[]}
[2022-02-15T16:01:05.224] [INFO] Socket - MOVE 4569078
[2022-02-15T16:01:05.224] [INFO] Socket - Msg [ 602708, 4569078 ] {"msgType":4097,"ID":4569078,"direction":1,"x":0,"y":0}
[2022-02-15T16:01:05.277] [INFO] Socket - UNLINK 602708
[2022-02-15T16:01:05.277] [INFO] Socket - 离开组队 [ 602708 ] {"msgType":4100,"ID":602708}
[2022-02-15T16:01:05.683] [INFO] Socket - MOVE 4569078
[2022-02-15T16:01:05.683] [INFO] Socket - Msg [ 602708, 4569078 ] {"msgType":4097,"ID":4569078,"direction":3,"x":-1,"y":0}
[2022-02-15T16:01:06.213] [INFO] Socket - LINK 602708
[2022-02-15T16:01:06.213] [INFO] Socket - 加入组队 [ 602708 ] {"msgType":4099,"members":[602708]}
[2022-02-15T16:01:08.267] [INFO] Socket - UNLINK 602708
[2022-02-15T16:01:08.267] [INFO] Socket - 离开组队 [ 602708 ] {"msgType":4100,"ID":602708}
[2022-02-15T16:01:08.474] [INFO] Socket - MOVE 602708
[2022-02-15T16:01:08.475] [INFO] Socket - Msg [ 602708, 4569078 ] {"msgType":4097,"ID":602708,"direction":2,"x":-1,"y":-1}
[2022-02-15T16:01:08.840] [INFO] Socket - MOVE 602708
[2022-02-15T16:01:08.840] [INFO] Socket - Msg [ 602708, 4569078 ] {"msgType":4097,"ID":602708,"direction":2,"x":-1,"y":-2}
[2022-02-15T16:01:08.891] [INFO] Socket - UNLINK 4569078
[2022-02-15T16:01:08.891] [INFO] Socket - 离开组队 [ 4569078 ] {"msgType":4100,"ID":4569078}
[2022-02-15T16:01:09.231] [INFO] Socket - MOVE 602708
[2022-02-15T16:01:09.231] [INFO] Socket - Msg [ 602708, 4569078 ] {"msgType":4097,"ID":602708,"direction":2,"x":-1,"y":-3}
[2022-02-15T16:01:09.563] [INFO] Socket - MOVE 602708
[2022-02-15T16:01:09.564] [INFO] Socket - Msg [ 602708, 4569078 ] {"msgType":4097,"ID":602708,"direction":2,"x":-1,"y":-4}
[2022-02-15T16:01:10.097] [INFO] Socket - MOVE 602708
[2022-02-15T16:01:10.098] [INFO] Socket - Msg [ 602708, 4569078 ] {"msgType":4097,"ID":602708,"direction":1,"x":0,"y":-4}
[2022-02-15T16:01:12.505] [INFO] Socket - MOVE 602708
[2022-02-15T16:01:12.506] [INFO] Socket - Msg [ 602708, 4569078 ] {"msgType":4097,"ID":602708,"direction":0,"x":0,"y":-3}
[2022-02-15T16:01:12.905] [INFO] Socket - MOVE 602708
[2022-02-15T16:01:12.905] [INFO] Socket - Msg [ 602708, 4569078 ] {"msgType":4097,"ID":602708,"direction":0,"x":0,"y":-2}
[2022-02-15T16:01:14.091] [INFO] Socket - MOVE 602708
[2022-02-15T16:01:14.091] [INFO] Socket - Msg [ 602708, 4569078 ] {"msgType":4097,"ID":602708,"direction":0,"x":0,"y":-1}
[2022-02-15T16:01:14.469] [INFO] Socket - MOVE 602708
[2022-02-15T16:01:14.470] [INFO] Socket - Msg [ 602708, 4569078 ] {"msgType":4097,"ID":602708,"direction":0,"x":0,"y":0}
[2022-02-15T16:01:15.588] [INFO] Socket - LINK 602708
[2022-02-15T16:01:15.588] [INFO] Socket - 加入组队 [ 602708, 4569078 ] {"msgType":4099,"members":[602708,4569078]}
[2022-02-15T16:01:18.260] [INFO] Socket - MOVE 602708
[2022-02-15T16:01:18.260] [INFO] Socket - Msg [ 602708, 4569078 ] {"msgType":4097,"ID":602708,"direction":3,"x":-1,"y":0}
[2022-02-15T16:01:18.362] [INFO] Socket - LINK 4569078
[2022-02-15T16:01:18.362] [INFO] Socket - 创建组队 [] {"msgType":4099,"members":[]}
[2022-02-15T16:01:21.323] [INFO] Socket - MOVE 602708
[2022-02-15T16:01:21.324] [INFO] Socket - Msg [ 602708, 4569078 ] {"msgType":4097,"ID":602708,"direction":0,"x":-1,"y":1}
[2022-02-15T16:01:21.327] [INFO] Socket - UNLINK 602708
[2022-02-15T16:01:21.327] [INFO] Socket - 离开组队 [ 602708 ] {"msgType":4100,"ID":602708}
[2022-02-15T16:01:22.516] [INFO] Socket - MOVE 602708
[2022-02-15T16:01:22.516] [INFO] Socket - Msg [ 602708, 4569078 ] {"msgType":4097,"ID":602708,"direction":0,"x":-1,"y":2}
[2022-02-15T16:01:22.585] [INFO] Socket - UNLINK 4569078
[2022-02-15T16:01:22.586] [INFO] Socket - 离开组队 [ 4569078 ] {"msgType":4100,"ID":4569078}
[2022-02-15T16:01:25.420] [INFO] Socket - MOVE 602708
[2022-02-15T16:01:25.420] [INFO] Socket - Msg [ 602708, 4569078 ] {"msgType":4097,"ID":602708,"direction":2,"x":-1,"y":1}
[2022-02-15T16:01:25.853] [INFO] Socket - LINK 4569078
[2022-02-15T16:01:25.853] [INFO] Socket - 加入组队 [ 4569078, 602708 ] {"msgType":4099,"members":[4569078,602708]}
[2022-02-15T16:01:26.524] [INFO] Socket - MOVE 602708
[2022-02-15T16:01:26.524] [INFO] Socket - Msg [ 602708, 4569078 ] {"msgType":4097,"ID":602708,"direction":2,"x":-1,"y":0}
[2022-02-15T16:01:26.530] [INFO] Socket - LINK 602708
[2022-02-15T16:01:26.530] [INFO] Socket - 创建组队 [] {"msgType":4099,"members":[]}
[2022-02-15T16:01:27.569] [INFO] Socket - MOVE 602708
[2022-02-15T16:01:27.570] [INFO] Socket - Msg [ 602708, 4569078 ] {"msgType":4097,"ID":602708,"direction":3,"x":-2,"y":0}
[2022-02-15T16:01:27.579] [INFO] Socket - UNLINK 602708
[2022-02-15T16:01:27.579] [INFO] Socket - 离开组队 [ 602708 ] {"msgType":4100,"ID":602708}
[2022-02-15T16:01:27.942] [INFO] Socket - MOVE 602708
[2022-02-15T16:01:27.943] [INFO] Socket - Msg [ 602708, 4569078 ] {"msgType":4097,"ID":602708,"direction":3,"x":-3,"y":0}
[2022-02-15T16:01:28.163] [INFO] Socket - UNLINK 4569078
[2022-02-15T16:01:28.163] [INFO] Socket - 离开组队 [ 4569078 ] {"msgType":4100,"ID":4569078}
[2022-02-15T16:01:28.271] [INFO] Socket - MOVE 602708
[2022-02-15T16:01:28.271] [INFO] Socket - Msg [ 602708, 4569078 ] {"msgType":4097,"ID":602708,"direction":3,"x":-4,"y":0}
[2022-02-15T16:01:32.838] [INFO] Socket - MOVE 602708
[2022-02-15T16:01:32.838] [INFO] Socket - Msg [ 602708, 4569078 ] {"msgType":4097,"ID":602708,"direction":1,"x":-3,"y":0}
[2022-02-15T16:01:33.341] [INFO] Socket - MOVE 602708
[2022-02-15T16:01:33.341] [INFO] Socket - Msg [ 602708, 4569078 ] {"msgType":4097,"ID":602708,"direction":0,"x":-3,"y":1}
[2022-02-15T16:01:33.781] [INFO] Socket - MOVE 602708
[2022-02-15T16:01:33.781] [INFO] Socket - Msg [ 602708, 4569078 ] {"msgType":4097,"ID":602708,"direction":0,"x":-3,"y":2}
[2022-02-15T16:01:34.226] [INFO] Socket - MOVE 602708
[2022-02-15T16:01:34.226] [INFO] Socket - Msg [ 602708, 4569078 ] {"msgType":4097,"ID":602708,"direction":1,"x":-2,"y":2}
[2022-02-15T16:01:34.593] [INFO] Socket - MOVE 602708
[2022-02-15T16:01:34.593] [INFO] Socket - Msg [ 602708, 4569078 ] {"msgType":4097,"ID":602708,"direction":1,"x":-1,"y":2}
[2022-02-15T16:01:34.925] [INFO] Socket - MOVE 602708
[2022-02-15T16:01:34.925] [INFO] Socket - Msg [ 602708, 4569078 ] {"msgType":4097,"ID":602708,"direction":1,"x":0,"y":2}
[2022-02-15T16:01:36.586] [INFO] Socket - MOVE 602708
[2022-02-15T16:01:36.587] [INFO] Socket - Msg [ 602708, 4569078 ] {"msgType":4097,"ID":602708,"direction":3,"x":-1,"y":2}
[2022-02-15T16:01:36.964] [INFO] Socket - MOVE 602708
[2022-02-15T16:01:36.964] [INFO] Socket - Msg [ 602708, 4569078 ] {"msgType":4097,"ID":602708,"direction":3,"x":-2,"y":2}
[2022-02-15T16:01:37.355] [INFO] Socket - MOVE 602708
[2022-02-15T16:01:37.355] [INFO] Socket - Msg [ 602708, 4569078 ] {"msgType":4097,"ID":602708,"direction":3,"x":-3,"y":2}
[2022-02-15T16:01:37.894] [INFO] Socket - MOVE 602708
[2022-02-15T16:01:37.894] [INFO] Socket - Msg [ 602708, 4569078 ] {"msgType":4097,"ID":602708,"direction":2,"x":-3,"y":1}
[2022-02-15T16:01:38.271] [INFO] Socket - MOVE 602708
[2022-02-15T16:01:38.271] [INFO] Socket - Msg [ 602708, 4569078 ] {"msgType":4097,"ID":602708,"direction":2,"x":-3,"y":0}
[2022-02-15T16:01:38.985] [INFO] Socket - MOVE 602708
[2022-02-15T16:01:38.985] [INFO] Socket - Msg [ 602708, 4569078 ] {"msgType":4097,"ID":602708,"direction":2,"x":-3,"y":-1}
[2022-02-15T16:01:39.402] [INFO] Socket - MOVE 602708
[2022-02-15T16:01:39.403] [INFO] Socket - Msg [ 602708, 4569078 ] {"msgType":4097,"ID":602708,"direction":2,"x":-3,"y":-2}
[2022-02-15T16:01:39.816] [INFO] Socket - MOVE 602708
[2022-02-15T16:01:39.816] [INFO] Socket - Msg [ 602708, 4569078 ] {"msgType":4097,"ID":602708,"direction":1,"x":-2,"y":-2}
[2022-02-15T16:01:40.217] [INFO] Socket - MOVE 602708
[2022-02-15T16:01:40.217] [INFO] Socket - Msg [ 602708, 4569078 ] {"msgType":4097,"ID":602708,"direction":1,"x":-1,"y":-2}
[2022-02-15T16:01:40.614] [INFO] Socket - MOVE 602708
[2022-02-15T16:01:40.614] [INFO] Socket - Msg [ 602708, 4569078 ] {"msgType":4097,"ID":602708,"direction":1,"x":0,"y":-2}
[2022-02-15T16:01:41.991] [INFO] Socket - MOVE 602708
[2022-02-15T16:01:41.992] [INFO] Socket - Msg [ 602708, 4569078 ] {"msgType":4097,"ID":602708,"direction":3,"x":-1,"y":-2}
[2022-02-15T16:01:42.511] [INFO] Socket - MOVE 602708
[2022-02-15T16:01:42.511] [INFO] Socket - Msg [ 602708, 4569078 ] {"msgType":4097,"ID":602708,"direction":3,"x":-2,"y":-2}
[2022-02-15T16:01:43.010] [INFO] Socket - MOVE 602708
[2022-02-15T16:01:43.010] [INFO] Socket - Msg [ 602708, 4569078 ] {"msgType":4097,"ID":602708,"direction":3,"x":-3,"y":-2}
[2022-02-15T16:01:43.843] [INFO] Socket - MOVE 602708
[2022-02-15T16:01:43.843] [INFO] Socket - Msg [ 602708, 4569078 ] {"msgType":4097,"ID":602708,"direction":0,"x":-3,"y":-1}
[2022-02-15T16:01:44.208] [INFO] Socket - MOVE 602708
[2022-02-15T16:01:44.209] [INFO] Socket - Msg [ 602708, 4569078 ] {"msgType":4097,"ID":602708,"direction":0,"x":-3,"y":0}
[2022-02-15T16:01:44.947] [INFO] Socket - MOVE 602708
[2022-02-15T16:01:44.947] [INFO] Socket - Msg [ 602708, 4569078 ] {"msgType":4097,"ID":602708,"direction":0,"x":-3,"y":1}
[2022-02-15T16:01:45.611] [INFO] Socket - MOVE 602708
[2022-02-15T16:01:45.612] [INFO] Socket - Msg [ 602708, 4569078 ] {"msgType":4097,"ID":602708,"direction":1,"x":-2,"y":1}
[2022-02-15T16:01:45.959] [INFO] Socket - MOVE 602708
[2022-02-15T16:01:45.959] [INFO] Socket - Msg [ 602708, 4569078 ] {"msgType":4097,"ID":602708,"direction":1,"x":-1,"y":1}
[2022-02-15T16:01:46.254] [INFO] Socket - LINK 4569078
[2022-02-15T16:01:46.254] [INFO] Socket - 加入组队 [ 4569078, 602708 ] {"msgType":4099,"members":[4569078,602708]}
[2022-02-15T16:01:46.279] [INFO] Socket - MOVE 602708
[2022-02-15T16:01:46.280] [INFO] Socket - Msg [ 602708, 4569078 ] {"msgType":4097,"ID":602708,"direction":1,"x":0,"y":1}
[2022-02-15T16:01:46.790] [INFO] Socket - UNLINK 4569078
[2022-02-15T16:01:46.791] [INFO] Socket - 离开组队 [ 4569078, 602708 ] {"msgType":4100,"ID":4569078}
[2022-02-15T16:01:47.070] [INFO] Socket - MOVE 602708
[2022-02-15T16:01:47.070] [INFO] Socket - Msg [ 602708, 4569078 ] {"msgType":4097,"ID":602708,"direction":3,"x":-1,"y":1}
[2022-02-15T16:01:47.449] [INFO] Socket - MOVE 602708
[2022-02-15T16:01:47.449] [INFO] Socket - Msg [ 602708, 4569078 ] {"msgType":4097,"ID":602708,"direction":3,"x":-2,"y":1}
[2022-02-15T16:01:47.449] [INFO] Socket - LINK 4569078
[2022-02-15T16:01:47.450] [INFO] Socket - 加入组队 [ 602708, 4569078 ] {"msgType":4099,"members":[602708,4569078]}
[2022-02-15T16:01:47.781] [INFO] Socket - MOVE 602708
[2022-02-15T16:01:47.781] [INFO] Socket - Msg [ 602708, 4569078 ] {"msgType":4097,"ID":602708,"direction":3,"x":-3,"y":1}
[2022-02-15T16:01:47.984] [INFO] Socket - UNLINK 4569078
[2022-02-15T16:01:47.985] [INFO] Socket - 离开组队 [ 4569078, 602708 ] {"msgType":4100,"ID":4569078}
[2022-02-15T16:01:48.637] [INFO] Socket - MOVE 602708
[2022-02-15T16:01:48.637] [INFO] Socket - Msg [ 602708, 4569078 ] {"msgType":4097,"ID":602708,"direction":2,"x":-3,"y":0}
[2022-02-15T16:01:49.167] [INFO] Socket - MOVE 602708
[2022-02-15T16:01:49.167] [INFO] Socket - Msg [ 602708, 4569078 ] {"msgType":4097,"ID":602708,"direction":2,"x":-3,"y":-1}
[2022-02-15T16:01:49.532] [INFO] Socket - MOVE 602708
[2022-02-15T16:01:49.533] [INFO] Socket - Msg [ 602708, 4569078 ] {"msgType":4097,"ID":602708,"direction":2,"x":-3,"y":-2}
[2022-02-15T16:01:50.199] [INFO] Socket - MOVE 602708
[2022-02-15T16:01:50.199] [INFO] Socket - Msg [ 602708, 4569078 ] {"msgType":4097,"ID":602708,"direction":1,"x":-2,"y":-2}
[2022-02-15T16:01:50.598] [INFO] Socket - MOVE 602708
[2022-02-15T16:01:50.598] [INFO] Socket - Msg [ 602708, 4569078 ] {"msgType":4097,"ID":602708,"direction":1,"x":-1,"y":-2}
[2022-02-15T16:01:51.031] [INFO] Socket - MOVE 602708
[2022-02-15T16:01:51.032] [INFO] Socket - Msg [ 602708, 4569078 ] {"msgType":4097,"ID":602708,"direction":1,"x":0,"y":-2}
[2022-02-15T16:01:51.502] [INFO] Socket - MOVE 602708
[2022-02-15T16:01:51.503] [INFO] Socket - Msg [ 602708, 4569078 ] {"msgType":4097,"ID":602708,"direction":2,"x":0,"y":-3}
[2022-02-15T16:01:52.196] [INFO] Socket - MOVE 602708
[2022-02-15T16:01:52.196] [INFO] Socket - Msg [ 602708, 4569078 ] {"msgType":4097,"ID":602708,"direction":3,"x":-1,"y":-3}
[2022-02-15T16:01:52.564] [INFO] Socket - MOVE 602708
[2022-02-15T16:01:52.564] [INFO] Socket - Msg [ 602708, 4569078 ] {"msgType":4097,"ID":602708,"direction":3,"x":-2,"y":-3}
[2022-02-15T16:01:52.962] [INFO] Socket - MOVE 602708
[2022-02-15T16:01:52.962] [INFO] Socket - Msg [ 602708, 4569078 ] {"msgType":4097,"ID":602708,"direction":3,"x":-3,"y":-3}
[2022-02-15T16:01:53.660] [INFO] Socket - MOVE 602708
[2022-02-15T16:01:53.661] [INFO] Socket - Msg [ 602708, 4569078 ] {"msgType":4097,"ID":602708,"direction":0,"x":-3,"y":-2}
[2022-02-15T16:01:54.026] [INFO] Socket - MOVE 602708
[2022-02-15T16:01:54.026] [INFO] Socket - Msg [ 602708, 4569078 ] {"msgType":4097,"ID":602708,"direction":0,"x":-3,"y":-1}
[2022-02-15T16:01:54.425] [INFO] Socket - MOVE 602708
[2022-02-15T16:01:54.425] [INFO] Socket - Msg [ 602708, 4569078 ] {"msgType":4097,"ID":602708,"direction":0,"x":-3,"y":0}
[2022-02-15T16:01:55.197] [INFO] Socket - MOVE 602708
[2022-02-15T16:01:55.197] [INFO] Socket - Msg [ 602708, 4569078 ] {"msgType":4097,"ID":602708,"direction":0,"x":-3,"y":1}
[2022-02-15T16:01:56.318] [INFO] Socket - MOVE 602708
[2022-02-15T16:01:56.319] [INFO] Socket - Msg [ 602708, 4569078 ] {"msgType":4097,"ID":602708,"direction":0,"x":-3,"y":2}
[2022-02-15T16:01:57.145] [INFO] Socket - MOVE 602708
[2022-02-15T16:01:57.145] [INFO] Socket - Msg [ 602708, 4569078 ] {"msgType":4097,"ID":602708,"direction":1,"x":-2,"y":2}
[2022-02-15T16:01:57.454] [INFO] Socket - MOVE 602708
[2022-02-15T16:01:57.454] [INFO] Socket - Msg [ 602708, 4569078 ] {"msgType":4097,"ID":602708,"direction":1,"x":-1,"y":2}
[2022-02-15T16:01:57.847] [INFO] Socket - MOVE 602708
[2022-02-15T16:01:57.847] [INFO] Socket - Msg [ 602708, 4569078 ] {"msgType":4097,"ID":602708,"direction":1,"x":0,"y":2}
[2022-02-15T16:01:58.654] [INFO] Socket - MOVE 602708
[2022-02-15T16:01:58.655] [INFO] Socket - Msg [ 602708, 4569078 ] {"msgType":4097,"ID":602708,"direction":3,"x":-1,"y":2}
[2022-02-15T16:01:58.958] [INFO] Socket - MOVE 602708
[2022-02-15T16:01:58.959] [INFO] Socket - Msg [ 602708, 4569078 ] {"msgType":4097,"ID":602708,"direction":3,"x":-2,"y":2}
[2022-02-15T16:01:59.366] [INFO] Socket - MOVE 602708
[2022-02-15T16:01:59.366] [INFO] Socket - Msg [ 602708, 4569078 ] {"msgType":4097,"ID":602708,"direction":3,"x":-3,"y":2}
[2022-02-15T16:02:00.121] [INFO] Socket - MOVE 602708
[2022-02-15T16:02:00.121] [INFO] Socket - Msg [ 602708, 4569078 ] {"msgType":4097,"ID":602708,"direction":2,"x":-3,"y":1}
[2022-02-15T16:02:00.503] [INFO] Socket - MOVE 602708
[2022-02-15T16:02:00.503] [INFO] Socket - Msg [ 602708, 4569078 ] {"msgType":4097,"ID":602708,"direction":2,"x":-3,"y":0}
[2022-02-15T16:02:01.235] [INFO] Socket - MOVE 602708
[2022-02-15T16:02:01.235] [INFO] Socket - Msg [ 602708, 4569078 ] {"msgType":4097,"ID":602708,"direction":2,"x":-3,"y":-1}
[2022-02-15T16:02:01.580] [INFO] Socket - MOVE 602708
[2022-02-15T16:02:01.580] [INFO] Socket - Msg [ 602708, 4569078 ] {"msgType":4097,"ID":602708,"direction":2,"x":-3,"y":-2}
[2022-02-15T16:02:01.979] [INFO] Socket - MOVE 602708
[2022-02-15T16:02:01.979] [INFO] Socket - Msg [ 602708, 4569078 ] {"msgType":4097,"ID":602708,"direction":2,"x":-3,"y":-3}
[2022-02-15T16:02:02.327] [INFO] Socket - MOVE 602708
[2022-02-15T16:02:02.327] [INFO] Socket - Msg [ 602708, 4569078 ] {"msgType":4097,"ID":602708,"direction":2,"x":-3,"y":-4}
[2022-02-15T16:02:02.709] [INFO] Socket - MOVE 602708
[2022-02-15T16:02:02.710] [INFO] Socket - Msg [ 602708, 4569078 ] {"msgType":4097,"ID":602708,"direction":2,"x":-3,"y":-5}
[2022-02-15T16:02:03.146] [INFO] Socket - MOVE 602708
[2022-02-15T16:02:03.146] [INFO] Socket - Msg [ 602708, 4569078 ] {"msgType":4097,"ID":602708,"direction":1,"x":-2,"y":-5}
[2022-02-15T16:02:03.631] [INFO] Socket - MOVE 602708
[2022-02-15T16:02:03.632] [INFO] Socket - Msg [ 602708, 4569078 ] {"msgType":4097,"ID":602708,"direction":1,"x":-1,"y":-5}
[2022-02-15T16:02:04.556] [INFO] Socket - MOVE 602708
[2022-02-15T16:02:04.556] [INFO] Socket - Msg [ 602708, 4569078 ] {"msgType":4097,"ID":602708,"direction":0,"x":-1,"y":-4}
[2022-02-15T16:02:04.902] [INFO] Socket - MOVE 602708
[2022-02-15T16:02:04.902] [INFO] Socket - Msg [ 602708, 4569078 ] {"msgType":4097,"ID":602708,"direction":0,"x":-1,"y":-3}
[2022-02-15T16:02:05.246] [INFO] Socket - MOVE 602708
[2022-02-15T16:02:05.246] [INFO] Socket - Msg [ 602708, 4569078 ] {"msgType":4097,"ID":602708,"direction":0,"x":-1,"y":-2}
[2022-02-15T16:02:05.608] [INFO] Socket - MOVE 602708
[2022-02-15T16:02:05.608] [INFO] Socket - Msg [ 602708, 4569078 ] {"msgType":4097,"ID":602708,"direction":0,"x":-1,"y":-1}
[2022-02-15T16:02:05.941] [INFO] Socket - MOVE 602708
[2022-02-15T16:02:05.941] [INFO] Socket - Msg [ 602708, 4569078 ] {"msgType":4097,"ID":602708,"direction":0,"x":-1,"y":0}
[2022-02-15T16:02:05.949] [INFO] Socket - LINK 602708
[2022-02-15T16:02:05.949] [INFO] Socket - 加入组队 [ 602708, 4569078 ] {"msgType":4099,"members":[602708,4569078]}
[2022-02-15T16:02:06.840] [INFO] Socket - LINK 4569078
[2022-02-15T16:02:06.840] [INFO] Socket - 创建组队 [] {"msgType":4099,"members":[]}
[2022-02-15T16:03:06.393] [INFO] Socket - UNLINK 4569078
[2022-02-15T16:03:06.394] [INFO] Socket - 离开组队 [ 4569078 ] {"msgType":4100,"ID":4569078}
[2022-02-15T16:03:06.453] [INFO] Socket - MOVE 4569078
[2022-02-15T16:03:06.454] [INFO] Socket - Msg [ 602708, 4569078 ] {"msgType":4097,"ID":4569078,"direction":0,"x":-1,"y":1}
[2022-02-15T16:03:06.994] [INFO] Socket - MOVE 4569078
[2022-02-15T16:03:06.994] [INFO] Socket - Msg [ 602708, 4569078 ] {"msgType":4097,"ID":4569078,"direction":0,"x":-1,"y":2}
[2022-02-15T16:03:07.240] [INFO] Socket - UNLINK 602708
[2022-02-15T16:03:07.240] [INFO] Socket - 离开组队 [ 602708 ] {"msgType":4100,"ID":602708}
[2022-02-15T16:03:07.313] [INFO] Socket - MOVE 4569078
[2022-02-15T16:03:07.313] [INFO] Socket - Msg [ 602708, 4569078 ] {"msgType":4097,"ID":4569078,"direction":3,"x":-2,"y":2}
[2022-02-15T16:03:07.493] [INFO] Socket - MOVE 4569078
[2022-02-15T16:03:07.494] [INFO] Socket - Msg [ 602708, 4569078 ] {"msgType":4097,"ID":4569078,"direction":0,"x":-2,"y":3}
[2022-02-15T16:03:07.874] [INFO] Socket - MOVE 4569078
[2022-02-15T16:03:07.874] [INFO] Socket - Msg [ 602708, 4569078 ] {"msgType":4097,"ID":4569078,"direction":0,"x":-2,"y":4}
[2022-02-15T16:03:13.353] [INFO] Socket - MOVE 4569078
[2022-02-15T16:03:13.353] [INFO] Socket - Msg [ 602708, 4569078 ] {"msgType":4097,"ID":4569078,"direction":2,"x":-2,"y":3}
[2022-02-15T16:03:13.853] [INFO] Socket - MOVE 4569078
[2022-02-15T16:03:13.854] [INFO] Socket - Msg [ 602708, 4569078 ] {"msgType":4097,"ID":4569078,"direction":2,"x":-2,"y":2}
[2022-02-15T16:06:50.132] [INFO] Socket - MOVE 602708
[2022-02-15T16:06:50.132] [INFO] Socket - Msg [ 602708, 4569078 ] {"msgType":4097,"ID":602708,"direction":3,"x":-2,"y":0}
[2022-02-15T16:06:50.134] [ERROR] Socket - 链接关闭 ::ffff:192.168.88.72 60359 4569078
[2022-02-15T16:06:50.134] [INFO] Socket - Msg [ 602708, 4569078 ] {"msgType":4098,"ID":4569078}
[2022-02-15T16:06:50.135] [ERROR] Socket - 链接错误 This socket has been ended by the other party ::ffff:192.168.88.72 60359 4569078
[2022-02-15T16:06:50.135] [INFO] Socket - Msg [ 602708 ] {"msgType":4098,"ID":4569078}
[2022-02-15T16:06:51.474] [ERROR] Socket - 链接关闭 ::ffff:192.168.88.66 42878 602708
[2022-02-15T16:06:51.474] [INFO] Socket - Msg [ 602708 ] {"msgType":4098,"ID":602708}
[2022-02-15T16:06:51.475] [ERROR] Socket - 链接错误 This socket has been ended by the other party ::ffff:192.168.88.66 42878 602708
[2022-02-15T16:06:51.475] [INFO] Socket - Msg [] {"msgType":4098,"ID":602708}
[2022-02-15T16:07:00.433] [INFO] Socket - JOIN 13479957
[2022-02-15T16:07:00.433] [INFO] Socket - Msg [] {"msgType":4096,"nickname":"2132","direction":0,"x":-1,"y":0,"personAppearance":0,"strUserID":"10000213479957","ID":13479957}
[2022-02-15T16:08:26.893] [INFO] Socket - MOVE 13479957
[2022-02-15T16:08:26.893] [INFO] Socket - Msg [ 13479957 ] {"msgType":4097,"ID":13479957,"direction":0,"x":-1,"y":1}
[2022-02-15T16:08:27.272] [INFO] Socket - MOVE 13479957
[2022-02-15T16:08:27.272] [INFO] Socket - Msg [ 13479957 ] {"msgType":4097,"ID":13479957,"direction":0,"x":-1,"y":2}
[2022-02-15T16:08:27.373] [INFO] Socket - MOVE 13479957
[2022-02-15T16:08:27.374] [INFO] Socket - Msg [ 13479957 ] {"msgType":4097,"ID":13479957,"direction":3,"x":-2,"y":2}
[2022-02-15T16:08:28.072] [INFO] Socket - MOVE 13479957
[2022-02-15T16:08:28.072] [INFO] Socket - Msg [ 13479957 ] {"msgType":4097,"ID":13479957,"direction":0,"x":-2,"y":3}
[2022-02-15T16:08:28.472] [INFO] Socket - MOVE 13479957
[2022-02-15T16:08:28.472] [INFO] Socket - Msg [ 13479957 ] {"msgType":4097,"ID":13479957,"direction":0,"x":-2,"y":4}
[2022-02-15T16:08:28.733] [INFO] Socket - LINKPRVIATE 13479957
[2022-02-15T16:08:28.852] [INFO] Socket - MOVE 13479957
[2022-02-15T16:08:28.852] [INFO] Socket - Msg [ 13479957 ] {"msgType":4097,"ID":13479957,"direction":0,"x":-2,"y":5}
[2022-02-15T16:08:29.253] [INFO] Socket - MOVE 13479957
[2022-02-15T16:08:29.253] [INFO] Socket - Msg [ 13479957 ] {"msgType":4097,"ID":13479957,"direction":0,"x":-2,"y":6}
[2022-02-15T16:08:30.232] [INFO] Socket - MOVE 13479957
[2022-02-15T16:08:30.232] [INFO] Socket - Msg [ 13479957 ] {"msgType":4097,"ID":13479957,"direction":2,"x":-2,"y":5}
[2022-02-15T16:09:04.072] [INFO] Socket - MOVE 13479957
[2022-02-15T16:09:04.072] [INFO] Socket - Msg [ 13479957 ] {"msgType":4097,"ID":13479957,"direction":2,"x":-2,"y":4}
[2022-02-15T16:09:04.192] [INFO] Socket - UNLINK 13479957
[2022-02-15T16:09:04.192] [INFO] Socket - 离开组队 [ 13479957 ] {"msgType":4100,"ID":13479957}
[2022-02-15T16:09:10.772] [INFO] Socket - MOVE 13479957
[2022-02-15T16:09:10.772] [INFO] Socket - Msg [ 13479957 ] {"msgType":4097,"ID":13479957,"direction":2,"x":-2,"y":3}
[2022-02-15T16:09:16.411] [INFO] Socket - MOVE 13479957
[2022-02-15T16:09:16.411] [INFO] Socket - Msg [ 13479957 ] {"msgType":4097,"ID":13479957,"direction":2,"x":-2,"y":2}
[2022-02-15T16:09:22.374] [INFO] Socket - MOVE 13479957
[2022-02-15T16:09:22.374] [INFO] Socket - Msg [ 13479957 ] {"msgType":4097,"ID":13479957,"direction":2,"x":-2,"y":1}
[2022-02-15T16:09:25.771] [INFO] Socket - MOVE 13479957
[2022-02-15T16:09:25.771] [INFO] Socket - Msg [ 13479957 ] {"msgType":4097,"ID":13479957,"direction":2,"x":-2,"y":0}
[2022-02-15T16:24:31.843] [ERROR] Socket - 链接关闭 ::ffff:192.168.88.72 60474 13479957
[2022-02-15T16:24:31.844] [INFO] Socket - Msg [ 13479957 ] {"msgType":4098,"ID":13479957}
[2022-02-15T16:24:31.844] [ERROR] Socket - 链接错误 This socket has been ended by the other party ::ffff:192.168.88.72 60474 13479957
[2022-02-15T16:24:31.844] [INFO] Socket - Msg [] {"msgType":4098,"ID":13479957}
